2017-05-14 18:49:41 INFO  TestListener:39 - Test Cases Execution Started
2017-05-14 18:49:54 INFO  BrowserDriver:39 - firefox driver ready for testing
2017-05-14 18:54:53 INFO  TestListener:39 - Test Cases Execution Started
2017-05-14 18:55:10 INFO  BrowserDriver:39 - firefox driver ready for testing
2017-05-14 18:56:12 INFO  TestListener:71 - To_Verify_Page_Load Test Case started
2017-05-14 18:56:13 INFO  TestListener:82 - To_Verify_Page_Load Test Case passed
2017-05-14 18:56:13 INFO  TestListener:71 - To_Verify_Analyze_My_App_Button Test Case started
2017-05-14 18:57:01 INFO  TestListener:82 - To_Verify_Analyze_My_App_Button Test Case passed
2017-05-14 18:57:01 INFO  TestListener:71 - To_Verify_Enter_Credentials_for_Mysitecom Test Case started
2017-05-14 18:57:04 INFO  TestListener:82 - To_Verify_Enter_Credentials_for_Mysitecom Test Case passed
2017-05-14 18:57:04 INFO  TestListener:71 - To_Verify_Generate_Test_Button Test Case started
2017-05-14 18:59:07 INFO  TestListener:82 - To_Verify_Generate_Test_Button Test Case passed
2017-05-14 18:59:07 INFO  TestListener:71 - To_Verify_Create_Account_Button Test Case started
2017-05-14 18:59:23 INFO  TestListener:55 - To_Verify_Create_Account_Button Test Case failed
2017-05-14 18:59:23 INFO  TestListener:33 - Test Cases Execution Finished 
2017-05-14 22:24:59 INFO  TestListener:39 - Test Cases Execution Started
2017-05-14 22:25:13 INFO  BrowserDriver:39 - firefox driver ready for testing
2017-05-14 22:25:52 INFO  TestListener:71 - To_Verify_Page_Load Test Case started
2017-05-14 22:25:53 INFO  TestListener:82 - To_Verify_Page_Load Test Case passed
2017-05-14 22:25:53 INFO  TestListener:71 - To_Verify_Analyze_My_App_Button Test Case started
2017-05-14 22:26:42 INFO  TestListener:82 - To_Verify_Analyze_My_App_Button Test Case passed
2017-05-14 22:26:42 INFO  TestListener:71 - To_Verify_Enter_Credentials_for_Mysitecom Test Case started
2017-05-14 22:26:45 INFO  TestListener:82 - To_Verify_Enter_Credentials_for_Mysitecom Test Case passed
2017-05-14 22:26:45 INFO  TestListener:71 - To_Verify_Generate_Test_Button Test Case started
2017-05-14 22:28:47 INFO  TestListener:82 - To_Verify_Generate_Test_Button Test Case passed
2017-05-14 22:28:47 INFO  TestListener:71 - To_Verify_Create_Account_Button Test Case started
2017-05-14 22:28:59 INFO  TestListener:55 - To_Verify_Create_Account_Button Test Case failed
2017-05-14 22:28:59 INFO  TestListener:33 - Test Cases Execution Finished 
2017-05-15 00:21:54 INFO  TestListener:39 - Test Cases Execution Started
2017-05-15 00:22:11 INFO  BrowserDriver:39 - firefox driver ready for testing
2017-05-15 00:22:32 INFO  TestListener:71 - To_Verify_Page_Load Test Case started
2017-05-15 00:22:33 INFO  TestListener:82 - To_Verify_Page_Load Test Case passed
2017-05-15 00:22:33 INFO  TestListener:71 - To_Verify_Analyze_My_App_Button Test Case started
2017-05-15 00:23:21 INFO  TestListener:82 - To_Verify_Analyze_My_App_Button Test Case passed
2017-05-15 00:23:21 INFO  TestListener:71 - To_Verify_Enter_Credentials_for_Mysitecom Test Case started
2017-05-15 00:23:24 INFO  TestListener:82 - To_Verify_Enter_Credentials_for_Mysitecom Test Case passed
2017-05-15 00:23:24 INFO  TestListener:71 - To_Verify_Generate_Test_Button Test Case started
2017-05-15 00:25:24 INFO  TestListener:82 - To_Verify_Generate_Test_Button Test Case passed
2017-05-15 00:25:24 INFO  TestListener:71 - To_Verify_Create_Account_Button Test Case started
2017-05-15 00:25:37 INFO  TestListener:55 - To_Verify_Create_Account_Button Test Case failed
2017-05-15 00:25:37 INFO  TestListener:33 - Test Cases Execution Finished 
